<?xml version="1.0" encoding="UTF-8"?>
<testsuite name="FlashcardsTest" tests="1" skipped="0" failures="1" errors="0" timestamp="2021-10-28T15:03:12" hostname="DESKTOP-DINA" time="0.55">
  <properties/>
  <testcase name="start" classname="FlashcardsTest" time="0.55">
    <failure message="java.lang.AssertionError: Wrong answer in test #13&#10;&#10;Your program should print the hardest card(s) if such card(s) exists&#10;&#10;Please find below the output of your program during this failed test.&#10;Note that the '&gt;' character indicates the beginning of the input line.&#10;&#10;---&#10;&#10;Input the action (add, remove, import, export, ask, exit, log, hardest card, reset stats):&#10;&gt; import&#10;File name:&#10;&gt; capitals.txt&#10;1 cards have been loaded.&#10;Input the action (add, remove, import, export, ask, exit, log, hardest card, reset stats):&#10;&gt; import&#10;File name:&#10;&gt; capitalsNew.txt&#10;1 cards have been loaded.&#10;Input the action (add, remove, import, export, ask, exit, log, hardest card, reset stats):&#10;&gt; hardest card&#10;There are no cards with errors.&#10;Input the action (add, remove, import, export, ask, exit, log, hardest card, reset stats):" type="java.lang.AssertionError">java.lang.AssertionError: Wrong answer in test #13

Your program should print the hardest card(s) if such card(s) exists

Please find below the output of your program during this failed test.
Note that the '&gt;' character indicates the beginning of the input line.

---

Input the action (add, remove, import, export, ask, exit, log, hardest card, reset stats):
&gt; import
File name:
&gt; capitals.txt
1 cards have been loaded.
Input the action (add, remove, import, export, ask, exit, log, hardest card, reset stats):
&gt; import
File name:
&gt; capitalsNew.txt
1 cards have been loaded.
Input the action (add, remove, import, export, ask, exit, log, hardest card, reset stats):
&gt; hardest card
There are no cards with errors.
Input the action (add, remove, import, export, ask, exit, log, hardest card, reset stats):
	at org.junit.Assert.fail(Assert.java:88)
	at org.hyperskill.hstest.stage.StageTest.start(StageTest.java:155)
	at java.base/jdk.internal.reflect.NativeMethodAccessorImpl.invoke0(Native Method)
	at java.base/jdk.internal.reflect.NativeMethodAccessorImpl.invoke(NativeMethodAccessorImpl.java:62)
	at java.base/jdk.internal.reflect.DelegatingMethodAccessorImpl.invoke(DelegatingMethodAccessorImpl.java:43)
	at java.base/java.lang.reflect.Method.invoke(Method.java:566)
	at org.junit.runners.model.FrameworkMethod$1.runReflectiveCall(FrameworkMethod.java:50)
	at org.junit.internal.runners.model.ReflectiveCallable.run(ReflectiveCallable.java:12)
	at org.junit.runners.model.FrameworkMethod.invokeExplosively(FrameworkMethod.java:47)
	at org.junit.internal.runners.statements.InvokeMethod.evaluate(InvokeMethod.java:17)
	at org.junit.runners.ParentRunner.runLeaf(ParentRunner.java:325)
	at org.junit.runners.BlockJUnit4ClassRunner.runChild(BlockJUnit4ClassRunner.java:78)
	at org.junit.runners.BlockJUnit4ClassRunner.runChild(BlockJUnit4ClassRunner.java:57)
	at org.junit.runners.ParentRunner$3.run(ParentRunner.java:290)
	at org.junit.runners.ParentRunner$1.schedule(ParentRunner.java:71)
	at org.junit.runners.ParentRunner.runChildren(ParentRunner.java:288)
	at org.junit.runners.ParentRunner.access$000(ParentRunner.java:58)
	at org.junit.runners.ParentRunner$2.evaluate(ParentRunner.java:268)
	at org.junit.internal.runners.statements.RunBefores.evaluate(RunBefores.java:26)
	at org.junit.internal.runners.statements.RunAfters.evaluate(RunAfters.java:27)
	at org.junit.runners.ParentRunner.run(ParentRunner.java:363)
	at org.gradle.api.internal.tasks.testing.junit.JUnitTestClassExecutor.runTestClass(JUnitTestClassExecutor.java:110)
	at org.gradle.api.internal.tasks.testing.junit.JUnitTestClassExecutor.execute(JUnitTestClassExecutor.java:58)
	at org.gradle.api.internal.tasks.testing.junit.JUnitTestClassExecutor.execute(JUnitTestClassExecutor.java:38)
	at org.gradle.api.internal.tasks.testing.junit.AbstractJUnitTestClassProcessor.processTestClass(AbstractJUnitTestClassProcessor.java:62)
	at org.gradle.api.internal.tasks.testing.SuiteTestClassProcessor.processTestClass(SuiteTestClassProcessor.java:51)
	at java.base/jdk.internal.reflect.NativeMethodAccessorImpl.invoke0(Native Method)
	at java.base/jdk.internal.reflect.NativeMethodAccessorImpl.invoke(NativeMethodAccessorImpl.java:62)
	at java.base/jdk.internal.reflect.DelegatingMethodAccessorImpl.invoke(DelegatingMethodAccessorImpl.java:43)
	at java.base/java.lang.reflect.Method.invoke(Method.java:566)
	at org.gradle.internal.dispatch.ReflectionDispatch.dispatch(ReflectionDispatch.java:36)
	at org.gradle.internal.dispatch.ReflectionDispatch.dispatch(ReflectionDispatch.java:24)
	at org.gradle.internal.dispatch.ContextClassLoaderDispatch.dispatch(ContextClassLoaderDispatch.java:33)
	at org.gradle.internal.dispatch.ProxyDispatchAdapter$DispatchingInvocationHandler.invoke(ProxyDispatchAdapter.java:94)
	at com.sun.proxy.$Proxy2.processTestClass(Unknown Source)
	at org.gradle.api.internal.tasks.testing.worker.TestWorker.processTestClass(TestWorker.java:121)
	at java.base/jdk.internal.reflect.NativeMethodAccessorImpl.invoke0(Native Method)
	at java.base/jdk.internal.reflect.NativeMethodAccessorImpl.invoke(NativeMethodAccessorImpl.java:62)
	at java.base/jdk.internal.reflect.DelegatingMethodAccessorImpl.invoke(DelegatingMethodAccessorImpl.java:43)
	at java.base/java.lang.reflect.Method.invoke(Method.java:566)
	at org.gradle.internal.dispatch.ReflectionDispatch.dispatch(ReflectionDispatch.java:36)
	at org.gradle.internal.dispatch.ReflectionDispatch.dispatch(ReflectionDispatch.java:24)
	at org.gradle.internal.remote.internal.hub.MessageHubBackedObjectConnection$DispatchWrapper.dispatch(MessageHubBackedObjectConnection.java:182)
	at org.gradle.internal.remote.internal.hub.MessageHubBackedObjectConnection$DispatchWrapper.dispatch(MessageHubBackedObjectConnection.java:164)
	at org.gradle.internal.remote.internal.hub.MessageHub$Handler.run(MessageHub.java:414)
	at org.gradle.internal.concurrent.ExecutorPolicy$CatchAndRecordFailures.onExecute(ExecutorPolicy.java:64)
	at org.gradle.internal.concurrent.ManagedExecutorImpl$1.run(ManagedExecutorImpl.java:48)
	at java.base/java.util.concurrent.ThreadPoolExecutor.runWorker(ThreadPoolExecutor.java:1128)
	at java.base/java.util.concurrent.ThreadPoolExecutor$Worker.run(ThreadPoolExecutor.java:628)
	at org.gradle.internal.concurrent.ThreadFactoryImpl$ManagedThreadRunnable.run(ThreadFactoryImpl.java:56)
	at java.base/java.lang.Thread.run(Thread.java:829)
</failure>
  </testcase>
  <system-out><![CDATA[?[1;31m
Start test 1?[0m
Input the action (add, remove, import, export, ask, exit, log, hardest card, reset stats):
> exit
Bye, bye!
?[1;31m
Start test 2?[0m
Input the action (add, remove, import, export, ask, exit, log, hardest card, reset stats):
> add
The card:
> France
The definition of the card:
> Paris
The pair ("France":"Paris") has been added.
Input the action (add, remove, import, export, ask, exit, log, hardest card, reset stats):
> add
The card:
> France
The card "France" already exists.
Input the action (add, remove, import, export, ask, exit, log, hardest card, reset stats):
> add
The card:
> Great Britain
The definition of the card:
> Paris
The definition "Paris" already exists.
Input the action (add, remove, import, export, ask, exit, log, hardest card, reset stats):
> exit
Bye, bye!
?[1;31m
Start test 3?[0m
Input the action (add, remove, import, export, ask, exit, log, hardest card, reset stats):
> add
The card:
> France
The definition of the card:
> Paris
The pair ("France":"Paris") has been added.
Input the action (add, remove, import, export, ask, exit, log, hardest card, reset stats):
> add
The card:
> Japan
The definition of the card:
> Tokyo
The pair ("Japan":"Tokyo") has been added.
Input the action (add, remove, import, export, ask, exit, log, hardest card, reset stats):
> add
The card:
> Great Britain
The definition of the card:
> London
The pair ("Great Britain":"London") has been added.
Input the action (add, remove, import, export, ask, exit, log, hardest card, reset stats):
> remove
Which card?
> Japan
The card has been removed
Input the action (add, remove, import, export, ask, exit, log, hardest card, reset stats):
> remove
Which card?
> Wakanda
Can't remove "Wakanda": there is no such card.
Input the action (add, remove, import, export, ask, exit, log, hardest card, reset stats):
> remove
Which card?
> Tokyo
Can't remove "Tokyo": there is no such card.
Input the action (add, remove, import, export, ask, exit, log, hardest card, reset stats):
> exit
Bye, bye!
?[1;31m
Start test 4?[0m
Input the action (add, remove, import, export, ask, exit, log, hardest card, reset stats):
> add
The card:
> Japan
The definition of the card:
> Tokyo
The pair ("Japan":"Tokyo") has been added.
Input the action (add, remove, import, export, ask, exit, log, hardest card, reset stats):
> add
The card:
> France
The definition of the card:
> Paris
The pair ("France":"Paris") has been added.
Input the action (add, remove, import, export, ask, exit, log, hardest card, reset stats):
> export
File name:
> capitals.txt
2 cards have been saved.
Input the action (add, remove, import, export, ask, exit, log, hardest card, reset stats):
> exit
Bye, bye!
?[1;31m
Start test 5?[0m
Input the action (add, remove, import, export, ask, exit, log, hardest card, reset stats):
> add
The card:
> Canada
The definition of the card:
> Ottawa
The pair ("Canada":"Ottawa") has been added.
Input the action (add, remove, import, export, ask, exit, log, hardest card, reset stats):
> add
The card:
> Netherlands
The definition of the card:
> Amsterdam
The pair ("Netherlands":"Amsterdam") has been added.
Input the action (add, remove, import, export, ask, exit, log, hardest card, reset stats):
> add
The card:
> Russia
The definition of the card:
> Moscow
The pair ("Russia":"Moscow") has been added.
Input the action (add, remove, import, export, ask, exit, log, hardest card, reset stats):
> add
The card:
> United Kingdom
The definition of the card:
> London
The pair ("United Kingdom":"London") has been added.
Input the action (add, remove, import, export, ask, exit, log, hardest card, reset stats):
> add
The card:
> Nigeria
The definition of the card:
> Abuja
The pair ("Nigeria":"Abuja") has been added.
Input the action (add, remove, import, export, ask, exit, log, hardest card, reset stats):
> add
The card:
> Germany
The definition of the card:
> Berlin
The pair ("Germany":"Berlin") has been added.
Input the action (add, remove, import, export, ask, exit, log, hardest card, reset stats):
> export
File name:
> capitalsNew.txt
6 cards have been saved.
Input the action (add, remove, import, export, ask, exit, log, hardest card, reset stats):
> exit
Bye, bye!
?[1;31m
Start test 6?[0m
Input the action (add, remove, import, export, ask, exit, log, hardest card, reset stats):
> import
File name:
> ghost_file.txt
File not found
Input the action (add, remove, import, export, ask, exit, log, hardest card, reset stats):
> import
File name:
> capitals.txt
2 cards have been loaded.
Input the action (add, remove, import, export, ask, exit, log, hardest card, reset stats):
> remove
Which card?
> Japan
The card has been removed
Input the action (add, remove, import, export, ask, exit, log, hardest card, reset stats):
> export
File name:
> capitals.txt
1 cards have been saved.
Input the action (add, remove, import, export, ask, exit, log, hardest card, reset stats):
> import
File name:
> capitalsNew.txt
6 cards have been loaded.
Input the action (add, remove, import, export, ask, exit, log, hardest card, reset stats):
> export
File name:
> capitalsNew.txt
7 cards have been saved.
Input the action (add, remove, import, export, ask, exit, log, hardest card, reset stats):
> exit
Bye, bye!
?[1;31m
Start test 7?[0m
Input the action (add, remove, import, export, ask, exit, log, hardest card, reset stats):
> add
The card:
> France
The definition of the card:
> Eiffel Tower
The pair ("France":"Eiffel Tower") has been added.
Input the action (add, remove, import, export, ask, exit, log, hardest card, reset stats):
> import
File name:
> capitals.txt
1 cards have been loaded.
Input the action (add, remove, import, export, ask, exit, log, hardest card, reset stats):
> ask
How many times to ask?
> 1
Print the definition of "France":
> Eiffel Tower
Wrong. The right answer is "Paris".
Input the action (add, remove, import, export, ask, exit, log, hardest card, reset stats):
> ask
How many times to ask?
> 1
Print the definition of "France":
> Paris
Correct!
Input the action (add, remove, import, export, ask, exit, log, hardest card, reset stats):
> exit
Bye, bye!
?[1;31m
Start test 8?[0m
Input the action (add, remove, import, export, ask, exit, log, hardest card, reset stats):
> add
The card:
> print()
The definition of the card:
> outputs text
The pair ("print()":"outputs text") has been added.
Input the action (add, remove, import, export, ask, exit, log, hardest card, reset stats):
> add
The card:
> str()
The definition of the card:
> converts to a string
The pair ("str()":"converts to a string") has been added.
Input the action (add, remove, import, export, ask, exit, log, hardest card, reset stats):
> add
The card:
> son
The definition of the card:
> a male child
The pair ("son":"a male child") has been added.
Input the action (add, remove, import, export, ask, exit, log, hardest card, reset stats):
> add
The card:
> daughter
The definition of the card:
> a female child
The pair ("daughter":"a female child") has been added.
Input the action (add, remove, import, export, ask, exit, log, hardest card, reset stats):
> add
The card:
> uncle
The definition of the card:
> a brother of one's parent
The pair ("uncle":"a brother of one's parent") has been added.
Input the action (add, remove, import, export, ask, exit, log, hardest card, reset stats):
> add
The card:
> ankle
The definition of the card:
> a part of the body where the foot and the leg meet
The pair ("ankle":"a part of the body where the foot and the leg meet") has been added.
Input the action (add, remove, import, export, ask, exit, log, hardest card, reset stats):
> ask
How many times to ask?
> 6
Print the definition of "uncle":
> a brother of one's parent
Correct!
Print the definition of "print()":
> outputs text
Correct!
Print the definition of "str()":
> converts to a string
Correct!
Print the definition of "ankle":
> a part of the body where the foot and the leg meet
Correct!
Print the definition of "daughter":
> a female child
Correct!
Print the definition of "str()":
> converts to a string
Correct!
Input the action (add, remove, import, export, ask, exit, log, hardest card, reset stats):
> exit
Bye, bye!
?[1;31m
Start test 9?[0m
Input the action (add, remove, import, export, ask, exit, log, hardest card, reset stats):
> add
The card:
> print()
The definition of the card:
> outputs text
The pair ("print()":"outputs text") has been added.
Input the action (add, remove, import, export, ask, exit, log, hardest card, reset stats):
> add
The card:
> str()
The definition of the card:
> converts to a string
The pair ("str()":"converts to a string") has been added.
Input the action (add, remove, import, export, ask, exit, log, hardest card, reset stats):
> add
The card:
> son
The definition of the card:
> a male child
The pair ("son":"a male child") has been added.
Input the action (add, remove, import, export, ask, exit, log, hardest card, reset stats):
> add
The card:
> daughter
The definition of the card:
> a female child
The pair ("daughter":"a female child") has been added.
Input the action (add, remove, import, export, ask, exit, log, hardest card, reset stats):
> add
The card:
> uncle
The definition of the card:
> a brother of one's parent
The pair ("uncle":"a brother of one's parent") has been added.
Input the action (add, remove, import, export, ask, exit, log, hardest card, reset stats):
> add
The card:
> ankle
The definition of the card:
> a part of the body where the foot and the leg meet
The pair ("ankle":"a part of the body where the foot and the leg meet") has been added.
Input the action (add, remove, import, export, ask, exit, log, hardest card, reset stats):
> ask
How many times to ask?
> 6
Print the definition of "daughter":
> a female child or a male child
Wrong. The right answer is "a female child".
Print the definition of "son":
> a male child or a female child
Wrong. The right answer is "a male child".
Print the definition of "son":
> a male child or a female child
Wrong. The right answer is "a male child".
Print the definition of "daughter":
> a female child or a male child
Wrong. The right answer is "a female child".
Print the definition of "str()":
> converts to a string and an integer
Wrong. The right answer is "converts to a string".
Print the definition of "print()":
> outputs text line by line
Wrong. The right answer is "outputs text".
Input the action (add, remove, import, export, ask, exit, log, hardest card, reset stats):
> exit
Bye, bye!
?[1;31m
Start test 10?[0m
Input the action (add, remove, import, export, ask, exit, log, hardest card, reset stats):
> add
The card:
> print()
The definition of the card:
> outputs text
The pair ("print()":"outputs text") has been added.
Input the action (add, remove, import, export, ask, exit, log, hardest card, reset stats):
> add
The card:
> str()
The definition of the card:
> converts to a string
The pair ("str()":"converts to a string") has been added.
Input the action (add, remove, import, export, ask, exit, log, hardest card, reset stats):
> add
The card:
> son
The definition of the card:
> a male child
The pair ("son":"a male child") has been added.
Input the action (add, remove, import, export, ask, exit, log, hardest card, reset stats):
> add
The card:
> daughter
The definition of the card:
> a female child
The pair ("daughter":"a female child") has been added.
Input the action (add, remove, import, export, ask, exit, log, hardest card, reset stats):
> add
The card:
> uncle
The definition of the card:
> a brother of one's parent
The pair ("uncle":"a brother of one's parent") has been added.
Input the action (add, remove, import, export, ask, exit, log, hardest card, reset stats):
> add
The card:
> ankle
The definition of the card:
> a part of the body where the foot and the leg meet
The pair ("ankle":"a part of the body where the foot and the leg meet") has been added.
Input the action (add, remove, import, export, ask, exit, log, hardest card, reset stats):
> ask
How many times to ask?
> 6
Print the definition of "daughter":
> a brother of one's parent
Wrong. The right answer is "a female child", but your definition is correct for "uncle".
Print the definition of "ankle":
> a brother of one's parent
Wrong. The right answer is "a part of the body where the foot and the leg meet", but your definition is correct for "uncle".
Print the definition of "print()":
> converts to a string
Wrong. The right answer is "outputs text", but your definition is correct for "str()".
Print the definition of "daughter":
> a brother of one's parent
Wrong. The right answer is "a female child", but your definition is correct for "uncle".
Print the definition of "daughter":
> a brother of one's parent
Wrong. The right answer is "a female child", but your definition is correct for "uncle".
Print the definition of "son":
> a female child
Wrong. The right answer is "a male child", but your definition is correct for "daughter".
Input the action (add, remove, import, export, ask, exit, log, hardest card, reset stats):
> exit
Bye, bye!
?[1;31m
Start test 11?[0m
Input the action (add, remove, import, export, ask, exit, log, hardest card, reset stats):
> hardest card
There are no cards with errors.
Input the action (add, remove, import, export, ask, exit, log, hardest card, reset stats):
> add
The card:
> France
The definition of the card:
> Paris
The pair ("France":"Paris") has been added.
Input the action (add, remove, import, export, ask, exit, log, hardest card, reset stats):
> ask
How many times to ask?
> 1
Print the definition of "France":
> Eiffel Tower
Wrong. The right answer is "Paris".
Input the action (add, remove, import, export, ask, exit, log, hardest card, reset stats):
> ask
How many times to ask?
> 1
Print the definition of "France":
> Lyon
Wrong. The right answer is "Paris".
Input the action (add, remove, import, export, ask, exit, log, hardest card, reset stats):
> hardest card
The hardest card is "France". You have 2 errors answering it
Input the action (add, remove, import, export, ask, exit, log, hardest card, reset stats):
> export
File name:
> capitals.txt
1 cards have been saved.
Input the action (add, remove, import, export, ask, exit, log, hardest card, reset stats):
> exit
Bye, bye!
?[1;31m
Start test 12?[0m
Input the action (add, remove, import, export, ask, exit, log, hardest card, reset stats):
> add
The card:
> Russia
The definition of the card:
> Moscow
The pair ("Russia":"Moscow") has been added.
Input the action (add, remove, import, export, ask, exit, log, hardest card, reset stats):
> ask
How many times to ask?
> 1
Print the definition of "Russia":
> Saint Petersburg
Wrong. The right answer is "Moscow".
Input the action (add, remove, import, export, ask, exit, log, hardest card, reset stats):
> ask
How many times to ask?
> 1
Print the definition of "Russia":
> Saint Petersburg
Wrong. The right answer is "Moscow".
Input the action (add, remove, import, export, ask, exit, log, hardest card, reset stats):
> ask
How many times to ask?
> 1
Print the definition of "Russia":
> Saint Petersburg
Wrong. The right answer is "Moscow".
Input the action (add, remove, import, export, ask, exit, log, hardest card, reset stats):
> hardest card
The hardest card is "Russia". You have 3 errors answering it
Input the action (add, remove, import, export, ask, exit, log, hardest card, reset stats):
> export
File name:
> capitalsNew.txt
1 cards have been saved.
Input the action (add, remove, import, export, ask, exit, log, hardest card, reset stats):
> exit
Bye, bye!
?[1;31m
Start test 13?[0m
Input the action (add, remove, import, export, ask, exit, log, hardest card, reset stats):
> import
File name:
> capitals.txt
1 cards have been loaded.
Input the action (add, remove, import, export, ask, exit, log, hardest card, reset stats):
> import
File name:
> capitalsNew.txt
1 cards have been loaded.
Input the action (add, remove, import, export, ask, exit, log, hardest card, reset stats):
> hardest card
There are no cards with errors.
Input the action (add, remove, import, export, ask, exit, log, hardest card, reset stats):
]]></system-out>
  <system-err><![CDATA[]]></system-err>
</testsuite>
